[2025-06-19 11:09:03] # if
[2025-06-19 11:10:26] # if
[2025-06-19 11:11:25] # if
[2025-06-19 11:13:38] # if
[2025-06-19 11:14:11] # if
[2025-06-19 11:14:12] # if
[2025-06-19 11:14:13] # if
[2025-06-19 11:14:13] # if
[2025-06-19 11:14:13] # if
[2025-06-19 11:15:45] # if
[2025-06-19 11:16:29] # if
[2025-06-19 11:16:31] # if
[2025-06-19 11:16:31] # if
[2025-06-19 11:16:31] # if
[2025-06-19 11:16:32] # if
[2025-06-19 11:16:32] # if
[2025-06-19 11:17:13] # if
[2025-06-19 11:18:58] # if[2025-06-19 11:21:11] # if
[2025-06-19 11:21:23] # if
[2025-06-19 11:23:38] # if
[2025-06-19 11:23:39] # if
[2025-06-19 11:23:43] # if
[2025-06-19 11:26:43] # if
[2025-06-19 11:26:45] # if
[2025-06-19 11:27:07] # if
[2025-06-19 11:27:33] # if
[2025-06-19 11:28:16] # if
[2025-06-19 11:30:52] # if
[2025-06-19 11:31:36] # if
[2025-06-19 11:32:31] # if
[2025-06-19 11:33:14] # if
[2025-06-19 11:33:15] # if
[2025-06-19 11:33:59] # if
[2025-06-19 11:34:30] # if
[2025-06-19 11:34:49] # if
[2025-06-19 11:35:45] # if
[2025-06-19 11:35:45] # VHome class not found
[2025-06-19 11:36:14] # if
[2025-06-19 11:36:14] # VHome class not found
[2025-06-19 11:36:28] # if
[2025-06-19 11:36:28] # VHome file not found
[2025-06-19 11:36:56] # if
[2025-06-19 11:38:49] # if
[2025-06-19 11:38:56] # if
[2025-06-19 11:39:11] # if
[2025-06-19 11:40:30] # if
[2025-06-19 11:42:24] # if
[2025-06-19 11:42:25] # else
[2025-06-19 11:42:25] # else
[2025-06-19 11:42:25] # else
[2025-06-19 11:42:25] # else
[2025-06-19 11:42:25] # else
[2025-06-19 11:42:25] # if
[2025-06-19 11:42:25] # if
[2025-06-19 11:42:25] # if
[2025-06-19 11:42:25] # if
[2025-06-19 11:42:25] # if
[2025-06-19 11:43:05] # if
[2025-06-19 11:43:05] # else
[2025-06-19 11:43:05] # else
[2025-06-19 11:43:05] # else
[2025-06-19 11:43:05] # else
[2025-06-19 11:43:05] # else
[2025-06-19 11:43:05] # if
[2025-06-19 11:43:05] # if
[2025-06-19 11:43:05] # if
[2025-06-19 11:43:05] # if
[2025-06-19 11:43:05] # if
[2025-06-19 11:44:02] # if
[2025-06-19 11:44:02] # else
[2025-06-19 11:44:02] # else
[2025-06-19 11:44:02] # if
[2025-06-19 11:44:02] # else
[2025-06-19 11:44:02] # if
[2025-06-19 11:44:02] # if
[2025-06-19 11:44:02] # if
[2025-06-19 11:44:02] # if
[2025-06-19 11:44:04] # if
[2025-06-19 11:44:04] # else
[2025-06-19 11:44:04] # else
[2025-06-19 11:44:04] # else
[2025-06-19 11:44:04] # if
[2025-06-19 11:44:04] # if
[2025-06-19 11:44:04] # if
[2025-06-19 11:44:04] # if
[2025-06-19 11:44:04] # if
[2025-06-19 11:44:09] # if
[2025-06-19 11:44:09] # else
[2025-06-19 11:44:09] # else
[2025-06-19 11:44:09] # else
[2025-06-19 11:44:09] # if
[2025-06-19 11:44:09] # if
[2025-06-19 11:44:09] # if
[2025-06-19 11:44:09] # if
[2025-06-19 11:44:09] # if
[2025-06-19 11:44:23] # if
[2025-06-19 11:44:23] # else
[2025-06-19 11:44:23] # else
[2025-06-19 11:44:23] # else
[2025-06-19 11:44:24] # if
[2025-06-19 11:44:24] # if
[2025-06-19 11:44:24] # if
[2025-06-19 11:45:53] # if
[2025-06-19 11:45:53] # else
[2025-06-19 11:45:53] # else
[2025-06-19 11:45:53] # else
[2025-06-19 11:45:53] # else
[2025-06-19 11:45:53] # else
[2025-06-19 11:45:53] # if
[2025-06-19 11:45:53] # if
[2025-06-19 11:45:53] # if
[2025-06-19 11:45:53] # if
[2025-06-19 11:45:53] # if
[2025-06-19 11:46:53] # if
[2025-06-19 11:46:54] # else
[2025-06-19 11:46:54] # else
[2025-06-19 11:46:54] # else
[2025-06-19 11:46:54] # if
[2025-06-19 11:46:54] # if
[2025-06-19 11:46:54] # if
[2025-06-19 11:51:11] # if
[2025-06-19 11:51:11] # else
[2025-06-19 11:51:11] # else
[2025-06-19 11:51:11] # else
[2025-06-19 11:51:11] # if
[2025-06-19 11:51:11] # if
[2025-06-19 11:51:11] # if
[2025-06-19 11:51:12] # if
[2025-06-19 11:51:12] # else
[2025-06-19 11:51:12] # else
[2025-06-19 11:51:12] # else
[2025-06-19 11:51:12] # if
[2025-06-19 11:51:12] # if
[2025-06-19 11:51:12] # if
[2025-06-19 11:53:13] # if
[2025-06-19 11:53:13] # else
[2025-06-19 11:53:13] # else
[2025-06-19 11:53:13] # else
[2025-06-19 11:53:13] # if
[2025-06-19 11:53:13] # if
[2025-06-19 11:53:13] # if
[2025-06-19 11:53:14] # if
[2025-06-19 11:53:14] # else
[2025-06-19 11:53:14] # else
[2025-06-19 11:53:14] # else
[2025-06-19 11:53:14] # if
[2025-06-19 11:53:14] # if
[2025-06-19 11:53:14] # if
[2025-06-19 11:54:47] # if
[2025-06-19 11:54:48] # else
[2025-06-19 11:54:48] # else
[2025-06-19 11:54:48] # else
[2025-06-19 11:54:48] # if
[2025-06-19 11:54:48] # if
[2025-06-19 11:54:48] # if
[2025-06-19 11:55:31] # else
[2025-06-19 11:55:31] # else
[2025-06-19 11:55:31] # if
[2025-06-19 11:55:31] # if
[2025-06-19 11:56:15] # if
[2025-06-19 11:56:15] # else
[2025-06-19 11:56:15] # else
[2025-06-19 11:56:15] # else
[2025-06-19 11:56:15] # if
[2025-06-19 11:56:15] # if
[2025-06-19 11:56:15] # if
[2025-06-19 11:56:15] # if
[2025-06-19 11:56:15] # if
[2025-06-19 11:56:15] # else
[2025-06-19 11:56:15] # else
[2025-06-19 11:56:15] # if
[2025-06-19 11:56:15] # if
[2025-06-19 11:57:43] # if
[2025-06-19 11:57:43] # else
[2025-06-19 11:57:43] # else
[2025-06-19 11:57:43] # else
[2025-06-19 11:57:43] # else
[2025-06-19 11:57:43] # else
[2025-06-19 11:57:43] # if
[2025-06-19 11:57:43] # if
[2025-06-19 11:57:43] # if
[2025-06-19 11:57:43] # if
[2025-06-19 11:57:43] # if
[2025-06-19 11:57:43] # if
[2025-06-19 11:57:43] # if
[2025-06-19 11:57:43] # if
[2025-06-19 11:57:43] # if
[2025-06-19 11:57:43] # else
[2025-06-19 11:57:43] # else
[2025-06-19 11:57:43] # else
[2025-06-19 11:57:43] # else
[2025-06-19 11:57:44] # if
[2025-06-19 11:57:44] # if
[2025-06-19 11:57:44] # if
[2025-06-19 11:57:44] # if
[2025-06-19 11:58:46] # if
[2025-06-19 11:58:46] # else
[2025-06-19 11:58:46] # else
[2025-06-19 11:58:46] # else
[2025-06-19 11:58:46] # if
[2025-06-19 11:58:46] # if
[2025-06-19 11:58:46] # if
[2025-06-19 11:58:46] # if
[2025-06-19 11:58:46] # if
[2025-06-19 11:58:46] # else
[2025-06-19 11:58:46] # else
[2025-06-19 11:58:46] # if
[2025-06-19 11:58:46] # if
[2025-06-19 11:59:15] # if
[2025-06-19 11:59:15] # else
[2025-06-19 11:59:15] # else
[2025-06-19 11:59:15] # else
[2025-06-19 11:59:15] # if
[2025-06-19 11:59:15] # if
[2025-06-19 11:59:15] # if
[2025-06-19 11:59:15] # if
[2025-06-19 11:59:15] # if
[2025-06-19 11:59:15] # else
[2025-06-19 11:59:15] # else
[2025-06-19 11:59:15] # if
[2025-06-19 11:59:15] # if
[2025-06-19 12:03:56] # if
[2025-06-19 12:03:56] # else
[2025-06-19 12:03:56] # else
[2025-06-19 12:03:56] # else
[2025-06-19 12:03:56] # if
[2025-06-19 12:03:56] # if
[2025-06-19 12:03:56] # if
[2025-06-19 12:03:56] # else
[2025-06-19 12:03:56] # else
[2025-06-19 12:03:56] # if
[2025-06-19 12:03:56] # if
[2025-06-19 12:05:33] # if
[2025-06-19 12:05:33] # else
[2025-06-19 12:05:33] # else
[2025-06-19 12:05:33] # else
[2025-06-19 12:05:33] # if
[2025-06-19 12:05:33] # if
[2025-06-19 12:05:34] # else
[2025-06-19 12:05:34] # else
[2025-06-19 12:05:34] # if
[2025-06-19 12:05:34] # if
[2025-06-19 12:06:08] # if
[2025-06-19 12:06:08] # else
[2025-06-19 12:06:08] # else
[2025-06-19 12:06:08] # else
[2025-06-19 12:06:08] # if
[2025-06-19 12:06:08] # if
[2025-06-19 12:06:08] # if
[2025-06-19 12:06:08] # else
[2025-06-19 12:06:08] # else
[2025-06-19 12:06:08] # if
[2025-06-19 12:06:09] # if
